<?xml version="1.0" encoding="UTF-8"?>
<!-- Generated by org.testng.reporters.JUnitReportReporter -->
<testsuite hostname="RAFIF-PC" failures="0" tests="1" name="getRequest.GetData" time="1.685" errors="0" timestamp="2022-12-18T16:08:42 WIB" skipped="0">
  <testcase classname="getRequest.GetData" name="validateJsonSchema" time="1.685"/>
  <system-out/>
</testsuite> <!-- getRequest.GetData -->
